<?xml version="1.0" encoding="UTF-8"?>
<!-- Generated by org.testng.reporters.JUnitXMLReporter -->
<testsuite ignored="0" hostname="HDC3-L-115BD92" failures="0" tests="5" name="Default test" time="2.474" errors="0" timestamp="2025-03-31T13:03:46 IST">
  <testcase classname="TestBase.BaseClass" name="@BeforeClass openbrowser" time="-1.743406424162E9">
    <failure type="org.testng.TestNGException" message="
Parameter &amp;apos;os&amp;apos; is required by BeforeClass on method openbrowser but has not been marked @Optional or defined
in C:\Users\sanjay.boppani\AppData\Local\Temp\testng-eclipse--1007478589\testng-customsuite.xml">
      <![CDATA[org.testng.TestNGException: 
Parameter 'os' is required by BeforeClass on method openbrowser but has not been marked @Optional or defined
in C:\Users\sanjay.boppani\AppData\Local\Temp\testng-eclipse--1007478589\testng-customsuite.xml
at org.testng.internal.Parameters.createParams(Parameters.java:264)
at org.testng.internal.Parameters.createParametersForMethod(Parameters.java:352)
at org.testng.internal.Parameters.createParameters(Parameters.java:690)
at org.testng.internal.Parameters.createConfigurationParameters(Parameters.java:163)
at org.testng.internal.invokers.ConfigInvoker.invokeConfigurations(ConfigInvoker.java:313)
at org.testng.internal.invokers.TestMethodWorker.invokeBeforeClassMethods(TestMethodWorker.java:188)
at org.testng.internal.invokers.TestMethodWorker.run(TestMethodWorker.java:128)
at java.base/java.util.ArrayList.forEach(ArrayList.java:1511)
at org.testng.TestRunner.privateRun(TestRunner.java:741)
at org.testng.TestRunner.run(TestRunner.java:616)
at org.testng.SuiteRunner.runTest(SuiteRunner.java:421)
at org.testng.SuiteRunner.runSequentially(SuiteRunner.java:413)
at org.testng.SuiteRunner.privateRun(SuiteRunner.java:373)
at org.testng.SuiteRunner.run(SuiteRunner.java:312)
at org.testng.SuiteRunnerWorker.runSuite(SuiteRunnerWorker.java:52)
at org.testng.SuiteRunnerWorker.run(SuiteRunnerWorker.java:95)
at org.testng.TestNG.runSuitesSequentially(TestNG.java:1274)
at org.testng.TestNG.runSuitesLocally(TestNG.java:1208)
at org.testng.TestNG.runSuites(TestNG.java:1112)
at org.testng.TestNG.run(TestNG.java:1079)
at org.testng.remote.AbstractRemoteTestNG.run(AbstractRemoteTestNG.java:115)
at org.testng.remote.RemoteTestNG.initAndRun(RemoteTestNG.java:293)
at org.testng.remote.RemoteTestNG.main(RemoteTestNG.java:91)
]]>
    </failure>
  </testcase> <!-- @BeforeClass openbrowser -->
  <testcase classname="TestBase.BaseClass" name="@AfterClass closebrowser" time="0.0">
    <skipped/>
  </testcase> <!-- @AfterClass closebrowser -->
  <testcase classname="testCases.TC003_LoginDDT" name="login_ddt" time="0.0">
    <skipped/>
  </testcase> <!-- login_ddt -->
  <testcase classname="testCases.TC003_LoginDDT" name="login_ddt" time="0.0">
    <skipped/>
  </testcase> <!-- login_ddt -->
  <testcase classname="testCases.TC003_LoginDDT" name="login_ddt" time="0.0">
    <skipped/>
  </testcase> <!-- login_ddt -->
  <testcase classname="testCases.TC003_LoginDDT" name="login_ddt" time="0.0">
    <skipped/>
  </testcase> <!-- login_ddt -->
  <testcase classname="testCases.TC003_LoginDDT" name="login_ddt" time="0.0">
    <skipped/>
  </testcase> <!-- login_ddt -->
</testsuite> <!-- Default test -->
